2024-06-03 15:00:21.396 INFO  <ModalContext> [C:\Users\CarsiMax98\Desktop\ETL\Primer_Proceso_ETL_PDI.ktr : Primer_Proceso_ETL_PDI.ktr]  Dispatching started for transformation [C:\Users\CarsiMax98\Desktop\ETL\Primer_Proceso_ETL_PDI.ktr : Primer_Proceso_ETL_PDI]
2024-06-03 15:00:21.508 INFO  <C:\Users\CarsiMax98\Desktop\ETL\Primer_Proceso_ETL_PDI.ktr : Primer_Proceso_ETL_PDI - Table input> [C:\Users\CarsiMax98\Desktop\ETL\Primer_Proceso_ETL_PDI.ktr : Primer_Proceso_ETL_PDI.ktr]  Finished reading query, closing connection
2024-06-03 15:00:21.523 INFO  <C:\Users\CarsiMax98\Desktop\ETL\Primer_Proceso_ETL_PDI.ktr : Primer_Proceso_ETL_PDI - Table input> [C:\Users\CarsiMax98\Desktop\ETL\Primer_Proceso_ETL_PDI.ktr : Primer_Proceso_ETL_PDI.ktr]  Finished processing (I=4, O=0, R=0, W=4, U=0, E=0)
2024-06-03 15:00:21.534 INFO  <C:\Users\CarsiMax98\Desktop\ETL\Primer_Proceso_ETL_PDI.ktr : Primer_Proceso_ETL_PDI - dummy> [C:\Users\CarsiMax98\Desktop\ETL\Primer_Proceso_ETL_PDI.ktr : Primer_Proceso_ETL_PDI.ktr]  Finished processing (I=0, O=0, R=4, W=4, U=0, E=0)
2024-06-03 15:01:34.593 INFO  <ModalContext> [C:\Users\CarsiMax98\Desktop\ETL\Primer_Proceso_ETL_PDI.ktr : Primer_Proceso_ETL_PDI.ktr]  Dispatching started for transformation [C:\Users\CarsiMax98\Desktop\ETL\Primer_Proceso_ETL_PDI.ktr : Primer_Proceso_ETL_PDI]
2024-06-03 15:01:34.626 INFO  <C:\Users\CarsiMax98\Desktop\ETL\Primer_Proceso_ETL_PDI.ktr : Primer_Proceso_ETL_PDI - Table input> [C:\Users\CarsiMax98\Desktop\ETL\Primer_Proceso_ETL_PDI.ktr : Primer_Proceso_ETL_PDI.ktr]  Finished reading query, closing connection
2024-06-03 15:01:34.628 INFO  <C:\Users\CarsiMax98\Desktop\ETL\Primer_Proceso_ETL_PDI.ktr : Primer_Proceso_ETL_PDI - Table input> [C:\Users\CarsiMax98\Desktop\ETL\Primer_Proceso_ETL_PDI.ktr : Primer_Proceso_ETL_PDI.ktr]  Finished processing (I=10, O=0, R=0, W=10, U=0, E=0)
2024-06-03 15:01:34.655 INFO  <C:\Users\CarsiMax98\Desktop\ETL\Primer_Proceso_ETL_PDI.ktr : Primer_Proceso_ETL_PDI - dummy> [C:\Users\CarsiMax98\Desktop\ETL\Primer_Proceso_ETL_PDI.ktr : Primer_Proceso_ETL_PDI.ktr]  Finished processing (I=0, O=0, R=10, W=10, U=0, E=0)
2024-06-03 15:02:25.938 INFO  <ModalContext> [C:\Users\CarsiMax98\Desktop\ETL\Primer_Proceso_ETL_PDI.ktr : Primer_Proceso_ETL_PDI.ktr]  Dispatching started for transformation [C:\Users\CarsiMax98\Desktop\ETL\Primer_Proceso_ETL_PDI.ktr : Primer_Proceso_ETL_PDI]
2024-06-03 15:02:26.003 INFO  <C:\Users\CarsiMax98\Desktop\ETL\Primer_Proceso_ETL_PDI.ktr : Primer_Proceso_ETL_PDI - PRODUCTOS_INPUT> [C:\Users\CarsiMax98\Desktop\ETL\Primer_Proceso_ETL_PDI.ktr : Primer_Proceso_ETL_PDI.ktr]  Finished reading query, closing connection
2024-06-03 15:02:26.004 INFO  <C:\Users\CarsiMax98\Desktop\ETL\Primer_Proceso_ETL_PDI.ktr : Primer_Proceso_ETL_PDI - PRODUCTOS_INPUT> [C:\Users\CarsiMax98\Desktop\ETL\Primer_Proceso_ETL_PDI.ktr : Primer_Proceso_ETL_PDI.ktr]  Finished processing (I=504, O=0, R=0, W=504, U=0, E=0)
2024-06-03 15:02:26.032 INFO  <C:\Users\CarsiMax98\Desktop\ETL\Primer_Proceso_ETL_PDI.ktr : Primer_Proceso_ETL_PDI - dummy> [C:\Users\CarsiMax98\Desktop\ETL\Primer_Proceso_ETL_PDI.ktr : Primer_Proceso_ETL_PDI.ktr]  Finished processing (I=0, O=0, R=504, W=504, U=0, E=0)
2024-06-03 15:03:01.803 INFO  <ModalContext> [C:\Users\CarsiMax98\Desktop\ETL\Primer_Proceso_ETL_PDI.ktr : Primer_Proceso_ETL_PDI.ktr]  Dispatching started for transformation [C:\Users\CarsiMax98\Desktop\ETL\Primer_Proceso_ETL_PDI.ktr : Primer_Proceso_ETL_PDI]
2024-06-03 15:03:02.052 INFO  <C:\Users\CarsiMax98\Desktop\ETL\Primer_Proceso_ETL_PDI.ktr : Primer_Proceso_ETL_PDI - Table input> [C:\Users\CarsiMax98\Desktop\ETL\Primer_Proceso_ETL_PDI.ktr : Primer_Proceso_ETL_PDI.ktr]  Finished reading query, closing connection
2024-06-03 15:03:02.053 INFO  <C:\Users\CarsiMax98\Desktop\ETL\Primer_Proceso_ETL_PDI.ktr : Primer_Proceso_ETL_PDI - Table input> [C:\Users\CarsiMax98\Desktop\ETL\Primer_Proceso_ETL_PDI.ktr : Primer_Proceso_ETL_PDI.ktr]  Finished processing (I=17, O=0, R=0, W=17, U=0, E=0)
2024-06-03 15:03:02.074 INFO  <C:\Users\CarsiMax98\Desktop\ETL\Primer_Proceso_ETL_PDI.ktr : Primer_Proceso_ETL_PDI - dummy> [C:\Users\CarsiMax98\Desktop\ETL\Primer_Proceso_ETL_PDI.ktr : Primer_Proceso_ETL_PDI.ktr]  Finished processing (I=0, O=0, R=17, W=17, U=0, E=0)
2024-06-03 15:03:52.133 INFO  <ModalContext> [C:\Users\CarsiMax98\Desktop\ETL\Primer_Proceso_ETL_PDI.ktr : Primer_Proceso_ETL_PDI.ktr]  Dispatching started for transformation [C:\Users\CarsiMax98\Desktop\ETL\Primer_Proceso_ETL_PDI.ktr : Primer_Proceso_ETL_PDI]
2024-06-03 15:03:52.186 INFO  <C:\Users\CarsiMax98\Desktop\ETL\Primer_Proceso_ETL_PDI.ktr : Primer_Proceso_ETL_PDI - TIEMPO_INPUT> [C:\Users\CarsiMax98\Desktop\ETL\Primer_Proceso_ETL_PDI.ktr : Primer_Proceso_ETL_PDI.ktr]  Finished reading query, closing connection
2024-06-03 15:03:52.188 INFO  <C:\Users\CarsiMax98\Desktop\ETL\Primer_Proceso_ETL_PDI.ktr : Primer_Proceso_ETL_PDI - TIEMPO_INPUT> [C:\Users\CarsiMax98\Desktop\ETL\Primer_Proceso_ETL_PDI.ktr : Primer_Proceso_ETL_PDI.ktr]  Finished processing (I=38, O=0, R=0, W=38, U=0, E=0)
2024-06-03 15:03:52.219 INFO  <C:\Users\CarsiMax98\Desktop\ETL\Primer_Proceso_ETL_PDI.ktr : Primer_Proceso_ETL_PDI - dummy> [C:\Users\CarsiMax98\Desktop\ETL\Primer_Proceso_ETL_PDI.ktr : Primer_Proceso_ETL_PDI.ktr]  Finished processing (I=0, O=0, R=38, W=38, U=0, E=0)
2024-06-03 15:06:13.292 INFO  <ModalContext> [C:\Users\CarsiMax98\Desktop\ETL\Primer_Proceso_ETL_PDI.ktr : Primer_Proceso_ETL_PDI.ktr]  Dispatching started for transformation [C:\Users\CarsiMax98\Desktop\ETL\Primer_Proceso_ETL_PDI.ktr : Primer_Proceso_ETL_PDI]
2024-06-03 15:06:13.815 INFO  <C:\Users\CarsiMax98\Desktop\ETL\Primer_Proceso_ETL_PDI.ktr : Primer_Proceso_ETL_PDI - VENTAS_INPUT> [C:\Users\CarsiMax98\Desktop\ETL\Primer_Proceso_ETL_PDI.ktr : Primer_Proceso_ETL_PDI.ktr]  Finished reading query, closing connection
2024-06-03 15:06:13.815 INFO  <C:\Users\CarsiMax98\Desktop\ETL\Primer_Proceso_ETL_PDI.ktr : Primer_Proceso_ETL_PDI - dummy> [C:\Users\CarsiMax98\Desktop\ETL\Primer_Proceso_ETL_PDI.ktr : Primer_Proceso_ETL_PDI.ktr]  Finished processing (I=0, O=0, R=891, W=890, U=0, E=0)
2024-06-03 15:06:13.828 INFO  <C:\Users\CarsiMax98\Desktop\ETL\Primer_Proceso_ETL_PDI.ktr : Primer_Proceso_ETL_PDI - VENTAS_INPUT> [C:\Users\CarsiMax98\Desktop\ETL\Primer_Proceso_ETL_PDI.ktr : Primer_Proceso_ETL_PDI.ktr]  Finished processing (I=1003, O=0, R=0, W=1001, U=0, E=0)
2024-06-03 15:35:41.187 INFO  <Thread-97> [C:\Users\CarsiMax98\Desktop\ETL\Primer_Proceso_ETL_PDI.ktr]  Dispatching started for transformation [Primer_Proceso_ETL_PDI]
2024-06-03 15:35:41.217 INFO  <init of PRODUCTOS_OUTPUT.0 (Thread-105)> [C:\Users\CarsiMax98\Desktop\ETL\Primer_Proceso_ETL_PDI.ktr]  Connected to database [SQL_SERVER_OUTPUT] (commit=1000)
2024-06-03 15:35:41.217 INFO  <init of VENTAS_OUTPUT.0 (Thread-108)> [C:\Users\CarsiMax98\Desktop\ETL\Primer_Proceso_ETL_PDI.ktr]  Connected to database [SQL_SERVER_OUTPUT] (commit=1000)
2024-06-03 15:35:41.217 INFO  <init of EMPLEADOS_OUTPUT.0 (Thread-106)> [C:\Users\CarsiMax98\Desktop\ETL\Primer_Proceso_ETL_PDI.ktr]  Connected to database [SQL_SERVER_OUTPUT] (commit=1000)
2024-06-03 15:35:41.218 INFO  <init of TERRITORIOS_OUTPUT.0 (Thread-104)> [C:\Users\CarsiMax98\Desktop\ETL\Primer_Proceso_ETL_PDI.ktr]  Connected to database [SQL_SERVER_OUTPUT] (commit=1000)
2024-06-03 15:35:41.218 INFO  <init of CATEGORIA_OUTPUT.0 (Thread-109)> [C:\Users\CarsiMax98\Desktop\ETL\Primer_Proceso_ETL_PDI.ktr]  Connected to database [SQL_SERVER_OUTPUT] (commit=1000)
2024-06-03 15:35:41.219 INFO  <init of TIEMPO_OUTPUT.0 (Thread-107)> [C:\Users\CarsiMax98\Desktop\ETL\Primer_Proceso_ETL_PDI.ktr]  Connected to database [SQL_SERVER_OUTPUT] (commit=1000)
2024-06-03 15:35:41.572 INFO  <Primer_Proceso_ETL_PDI - CATEGORIAS_INPUT> [C:\Users\CarsiMax98\Desktop\ETL\Primer_Proceso_ETL_PDI.ktr]  Finished reading query, closing connection
2024-06-03 15:35:41.573 INFO  <Primer_Proceso_ETL_PDI - TERRITORIOS_INPUT> [C:\Users\CarsiMax98\Desktop\ETL\Primer_Proceso_ETL_PDI.ktr]  Finished reading query, closing connection
2024-06-03 15:35:41.574 INFO  <Primer_Proceso_ETL_PDI - PRODUCTOS_INPUT> [C:\Users\CarsiMax98\Desktop\ETL\Primer_Proceso_ETL_PDI.ktr]  Finished reading query, closing connection
2024-06-03 15:35:41.574 INFO  <Primer_Proceso_ETL_PDI - CATEGORIAS_INPUT> [C:\Users\CarsiMax98\Desktop\ETL\Primer_Proceso_ETL_PDI.ktr]  Finished processing (I=4, O=0, R=0, W=4, U=0, E=0)
2024-06-03 15:35:41.575 INFO  <Primer_Proceso_ETL_PDI - PRODUCTOS_INPUT> [C:\Users\CarsiMax98\Desktop\ETL\Primer_Proceso_ETL_PDI.ktr]  Finished processing (I=504, O=0, R=0, W=504, U=0, E=0)
2024-06-03 15:35:41.576 INFO  <Primer_Proceso_ETL_PDI - EMPLEADOS_INPUT> [C:\Users\CarsiMax98\Desktop\ETL\Primer_Proceso_ETL_PDI.ktr]  Finished reading query, closing connection
2024-06-03 15:35:41.577 INFO  <Primer_Proceso_ETL_PDI - EMPLEADOS_INPUT> [C:\Users\CarsiMax98\Desktop\ETL\Primer_Proceso_ETL_PDI.ktr]  Finished processing (I=17, O=0, R=0, W=17, U=0, E=0)
2024-06-03 15:35:41.584 INFO  <Primer_Proceso_ETL_PDI - TERRITORIOS_INPUT> [C:\Users\CarsiMax98\Desktop\ETL\Primer_Proceso_ETL_PDI.ktr]  Finished processing (I=10, O=0, R=0, W=10, U=0, E=0)
2024-06-03 15:35:41.594 INFO  <Primer_Proceso_ETL_PDI - TIEMPO_INPUT> [C:\Users\CarsiMax98\Desktop\ETL\Primer_Proceso_ETL_PDI.ktr]  Finished reading query, closing connection
2024-06-03 15:35:41.595 INFO  <Primer_Proceso_ETL_PDI - TIEMPO_INPUT> [C:\Users\CarsiMax98\Desktop\ETL\Primer_Proceso_ETL_PDI.ktr]  Finished processing (I=38, O=0, R=0, W=38, U=0, E=0)
2024-06-03 15:35:41.601 INFO  <Primer_Proceso_ETL_PDI - CATEGORIA_OUTPUT> [C:\Users\CarsiMax98\Desktop\ETL\Primer_Proceso_ETL_PDI.ktr]  Finished processing (I=0, O=4, R=4, W=4, U=0, E=0)
2024-06-03 15:35:41.601 INFO  <Primer_Proceso_ETL_PDI - TERRITORIOS_OUTPUT> [C:\Users\CarsiMax98\Desktop\ETL\Primer_Proceso_ETL_PDI.ktr]  Finished processing (I=0, O=10, R=10, W=10, U=0, E=0)
2024-06-03 15:35:41.612 INFO  <Primer_Proceso_ETL_PDI - EMPLEADOS_OUTPUT> [C:\Users\CarsiMax98\Desktop\ETL\Primer_Proceso_ETL_PDI.ktr]  Finished processing (I=0, O=17, R=17, W=17, U=0, E=0)
2024-06-03 15:35:41.627 INFO  <Primer_Proceso_ETL_PDI - TIEMPO_OUTPUT> [C:\Users\CarsiMax98\Desktop\ETL\Primer_Proceso_ETL_PDI.ktr]  Finished processing (I=0, O=38, R=38, W=38, U=0, E=0)
2024-06-03 15:35:41.634 INFO  <Primer_Proceso_ETL_PDI - PRODUCTOS_OUTPUT> [C:\Users\CarsiMax98\Desktop\ETL\Primer_Proceso_ETL_PDI.ktr]  Finished processing (I=0, O=504, R=504, W=504, U=0, E=0)
2024-06-03 15:35:41.926 INFO  <Primer_Proceso_ETL_PDI - VENTAS_INPUT> [C:\Users\CarsiMax98\Desktop\ETL\Primer_Proceso_ETL_PDI.ktr]  Finished reading query, closing connection
2024-06-03 15:35:41.927 INFO  <Primer_Proceso_ETL_PDI - VENTAS_INPUT> [C:\Users\CarsiMax98\Desktop\ETL\Primer_Proceso_ETL_PDI.ktr]  Finished processing (I=14814, O=0, R=0, W=14814, U=0, E=0)
2024-06-03 15:35:42.332 INFO  <Primer_Proceso_ETL_PDI - VENTAS_OUTPUT> [C:\Users\CarsiMax98\Desktop\ETL\Primer_Proceso_ETL_PDI.ktr]  Finished processing (I=0, O=14814, R=14814, W=14814, U=0, E=0)
2024-06-03 15:49:04.702 INFO  <ModalContext> [C:\Users\CarsiMax98\Desktop\ETL\P202.ktr : P202.ktr]  Dispatching started for transformation [C:\Users\CarsiMax98\Desktop\ETL\P202.ktr : P202]
2024-06-03 15:49:04.756 INFO  <C:\Users\CarsiMax98\Desktop\ETL\P202.ktr : P202 - Table input> [C:\Users\CarsiMax98\Desktop\ETL\P202.ktr : P202.ktr]  Finished reading query, closing connection
2024-06-03 15:49:04.757 INFO  <C:\Users\CarsiMax98\Desktop\ETL\P202.ktr : P202 - Table input> [C:\Users\CarsiMax98\Desktop\ETL\P202.ktr : P202.ktr]  Finished processing (I=295, O=0, R=0, W=295, U=0, E=0)
2024-06-03 15:49:04.759 INFO  <C:\Users\CarsiMax98\Desktop\ETL\P202.ktr : P202 - dummy> [C:\Users\CarsiMax98\Desktop\ETL\P202.ktr : P202.ktr]  Finished processing (I=0, O=0, R=295, W=295, U=0, E=0)
2024-06-03 15:51:28.252 INFO  <ModalContext> [C:\Users\CarsiMax98\Desktop\ETL\P202.ktr : P202.ktr]  Dispatching started for transformation [C:\Users\CarsiMax98\Desktop\ETL\P202.ktr : P202]
2024-06-03 15:51:28.291 INFO  <C:\Users\CarsiMax98\Desktop\ETL\P202.ktr : P202 - Table input> [C:\Users\CarsiMax98\Desktop\ETL\P202.ktr : P202.ktr]  Finished reading query, closing connection
2024-06-03 15:51:28.291 INFO  <C:\Users\CarsiMax98\Desktop\ETL\P202.ktr : P202 - Table input> [C:\Users\CarsiMax98\Desktop\ETL\P202.ktr : P202.ktr]  Finished processing (I=504, O=0, R=0, W=504, U=0, E=0)
2024-06-03 15:51:28.323 INFO  <C:\Users\CarsiMax98\Desktop\ETL\P202.ktr : P202 - dummy> [C:\Users\CarsiMax98\Desktop\ETL\P202.ktr : P202.ktr]  Finished processing (I=0, O=0, R=504, W=504, U=0, E=0)
2024-06-03 15:52:10.936 INFO  <Thread-146> [C:\Users\CarsiMax98\Desktop\ETL\P202.ktr]  Dispatching started for transformation [P202]
2024-06-03 15:52:10.957 INFO  <P202 - PRODUCTOS_ORIGEN> [C:\Users\CarsiMax98\Desktop\ETL\P202.ktr]  Finished reading query, closing connection
2024-06-03 15:52:10.957 INFO  <P202 - PRODUCTOS_ORIGEN> [C:\Users\CarsiMax98\Desktop\ETL\P202.ktr]  Finished processing (I=504, O=0, R=0, W=504, U=0, E=0)
2024-06-03 15:58:29.346 INFO  <Thread-156> [C:\Users\CarsiMax98\Desktop\ETL\P202.ktr]  Dispatching started for transformation [P202]
2024-06-03 15:58:29.397 INFO  <P202 - PRODUCTOS_ORIGEN> [C:\Users\CarsiMax98\Desktop\ETL\P202.ktr]  Finished reading query, closing connection
2024-06-03 15:58:29.402 INFO  <P202 - PRODUCTOS_ORIGEN> [C:\Users\CarsiMax98\Desktop\ETL\P202.ktr]  Finished processing (I=504, O=0, R=0, W=504, U=0, E=0)
2024-06-03 15:58:29.403 INFO  <P202 - Quitar Nulos> [C:\Users\CarsiMax98\Desktop\ETL\P202.ktr]  Finished processing (I=0, O=0, R=504, W=504, U=0, E=0)
2024-06-03 15:59:28.921 INFO  <Thread-166> [C:\Users\CarsiMax98\Desktop\ETL\P202.ktr]  Dispatching started for transformation [P202]
2024-06-03 15:59:28.949 INFO  <P202 - PRODUCTOS_ORIGEN> [C:\Users\CarsiMax98\Desktop\ETL\P202.ktr]  Finished reading query, closing connection
2024-06-03 15:59:28.949 INFO  <P202 - PRODUCTOS_ORIGEN> [C:\Users\CarsiMax98\Desktop\ETL\P202.ktr]  Finished processing (I=504, O=0, R=0, W=504, U=0, E=0)
2024-06-03 15:59:28.966 INFO  <P202 - Quitar Nulos> [C:\Users\CarsiMax98\Desktop\ETL\P202.ktr]  Finished processing (I=0, O=0, R=504, W=504, U=0, E=0)
2024-06-03 16:00:49.956 INFO  <Thread-176> [C:\Users\CarsiMax98\Desktop\ETL\P202.ktr]  Dispatching started for transformation [P202]
2024-06-03 16:00:50.024 INFO  <P202 - PRODUCTOS_ORIGEN> [C:\Users\CarsiMax98\Desktop\ETL\P202.ktr]  Finished reading query, closing connection
2024-06-03 16:00:50.026 INFO  <P202 - PRODUCTOS_ORIGEN> [C:\Users\CarsiMax98\Desktop\ETL\P202.ktr]  Finished processing (I=504, O=0, R=0, W=504, U=0, E=0)
2024-06-03 16:00:50.028 INFO  <P202 - Quitar Nulos> [C:\Users\CarsiMax98\Desktop\ETL\P202.ktr]  Finished processing (I=0, O=0, R=504, W=504, U=0, E=0)
2024-06-03 16:00:50.182 INFO  <P202 - Microsoft Excel output> [C:\Users\CarsiMax98\Desktop\ETL\P202.ktr]  Finished processing (I=0, O=504, R=504, W=504, U=0, E=0)
